INFO application-akka.actor.default-dispatcher-7 de.htwg.tictactoe.view.tui - 
\-------\-------\-------\ \-------\-------\-------\
 \       \       \       \ \  000  \  010  \  020  \
  \-------\-------\-------\ \-------\-------\-------\
   \       \       \       \ \  100  \  110  \  120  \
    \-------\-------\-------\ \-------\-------\-------\
     \       \       \       \ \  200  \  210  \  220  \
      \-------\-------\-------\ \-------\-------\-------\

\-------\-------\-------\ \-------\-------\-------\
 \       \       \       \ \  001  \  011  \  021  \
  \-------\-------\-------\ \-------\-------\-------\
   \       \       \       \ \  101  \  111  \  121  \
    \-------\-------\-------\ \-------\-------\-------\
     \       \       \       \ \  201  \  211  \  221  \
      \-------\-------\-------\ \-------\-------\-------\

\-------\-------\-------\ \-------\-------\-------\
 \       \       \       \ \  002  \  012  \  022  \
  \-------\-------\-------\ \-------\-------\-------\
   \       \       \       \ \  102  \  112  \  122  \
    \-------\-------\-------\ \-------\-------\-------\
     \       \       \       \ \  202  \  212  \  222  \
      \-------\-------\-------\ \-------\-------\-------\

INFO application-akka.actor.default-dispatcher-7 de.htwg.tictactoe.view.tui - you can't start the Game without giving the name of the players
please enter the two players name with - between then (don't forget no spacing)
INFO application-akka.actor.default-dispatcher-5 de.htwg.tictactoe.view.tui - 
\-------\-------\-------\ \-------\-------\-------\
 \       \       \       \ \  000  \  010  \  020  \
  \-------\-------\-------\ \-------\-------\-------\
   \       \       \       \ \  100  \  110  \  120  \
    \-------\-------\-------\ \-------\-------\-------\
     \       \       \       \ \  200  \  210  \  220  \
      \-------\-------\-------\ \-------\-------\-------\

\-------\-------\-------\ \-------\-------\-------\
 \       \       \       \ \  001  \  011  \  021  \
  \-------\-------\-------\ \-------\-------\-------\
   \       \       \       \ \  101  \  111  \  121  \
    \-------\-------\-------\ \-------\-------\-------\
     \       \       \       \ \  201  \  211  \  221  \
      \-------\-------\-------\ \-------\-------\-------\

\-------\-------\-------\ \-------\-------\-------\
 \       \       \       \ \  002  \  012  \  022  \
  \-------\-------\-------\ \-------\-------\-------\
   \       \       \       \ \  102  \  112  \  122  \
    \-------\-------\-------\ \-------\-------\-------\
     \       \       \       \ \  202  \  212  \  222  \
      \-------\-------\-------\ \-------\-------\-------\

INFO application-akka.actor.default-dispatcher-5 de.htwg.tictactoe.view.tui - you can't start the Game without giving the name of the players
please enter the two players name with - between then (don't forget no spacing)
INFO application-akka.actor.default-dispatcher-7 de.htwg.tictactoe.view.tui - 
\-------\-------\-------\ \-------\-------\-------\
 \       \       \       \ \  000  \  010  \  020  \
  \-------\-------\-------\ \-------\-------\-------\
   \       \       \       \ \  100  \  110  \  120  \
    \-------\-------\-------\ \-------\-------\-------\
     \       \       \       \ \  200  \  210  \  220  \
      \-------\-------\-------\ \-------\-------\-------\

\-------\-------\-------\ \-------\-------\-------\
 \       \       \       \ \  001  \  011  \  021  \
  \-------\-------\-------\ \-------\-------\-------\
   \       \       \       \ \  101  \  111  \  121  \
    \-------\-------\-------\ \-------\-------\-------\
     \       \       \       \ \  201  \  211  \  221  \
      \-------\-------\-------\ \-------\-------\-------\

\-------\-------\-------\ \-------\-------\-------\
 \       \       \       \ \  002  \  012  \  022  \
  \-------\-------\-------\ \-------\-------\-------\
   \       \       \       \ \  102  \  112  \  122  \
    \-------\-------\-------\ \-------\-------\-------\
     \       \       \       \ \  202  \  212  \  222  \
      \-------\-------\-------\ \-------\-------\-------\

INFO application-akka.actor.default-dispatcher-7 de.htwg.tictactoe.view.tui - you can't start the Game without giving the name of the players
please enter the two players name with - between then (don't forget no spacing)
INFO application-akka.actor.default-dispatcher-3 de.htwg.tictactoe.view.tui - 
\-------\-------\-------\ \-------\-------\-------\
 \       \       \       \ \  000  \  010  \  020  \
  \-------\-------\-------\ \-------\-------\-------\
   \       \       \       \ \  100  \  110  \  120  \
    \-------\-------\-------\ \-------\-------\-------\
     \       \       \       \ \  200  \  210  \  220  \
      \-------\-------\-------\ \-------\-------\-------\

\-------\-------\-------\ \-------\-------\-------\
 \       \       \       \ \  001  \  011  \  021  \
  \-------\-------\-------\ \-------\-------\-------\
   \       \       \       \ \  101  \  111  \  121  \
    \-------\-------\-------\ \-------\-------\-------\
     \       \       \       \ \  201  \  211  \  221  \
      \-------\-------\-------\ \-------\-------\-------\

\-------\-------\-------\ \-------\-------\-------\
 \       \       \       \ \  002  \  012  \  022  \
  \-------\-------\-------\ \-------\-------\-------\
   \       \       \       \ \  102  \  112  \  122  \
    \-------\-------\-------\ \-------\-------\-------\
     \       \       \       \ \  202  \  212  \  222  \
      \-------\-------\-------\ \-------\-------\-------\

INFO application-akka.actor.default-dispatcher-3 de.htwg.tictactoe.view.tui - Players are defined!!!! 
ysf you can start, the grids with the number in them are
 an example of what you should give here if you want to player in one of the cells,
 the 3 numbers are the row, column, grid. Now, MAKE YOU FIRST MOVE :) !!

INFO application-akka.actor.default-dispatcher-11 de.htwg.tictactoe.view.tui - 
\-------\-------\-------\ \-------\-------\-------\
 \       \       \       \ \  000  \  010  \  020  \
  \-------\-------\-------\ \-------\-------\-------\
   \       \       \       \ \  100  \  110  \  120  \
    \-------\-------\-------\ \-------\-------\-------\
     \       \       \       \ \  200  \  210  \  220  \
      \-------\-------\-------\ \-------\-------\-------\

\-------\-------\-------\ \-------\-------\-------\
 \       \       \       \ \  001  \  011  \  021  \
  \-------\-------\-------\ \-------\-------\-------\
   \       \   X   \       \ \  101  \  111  \  121  \
    \-------\-------\-------\ \-------\-------\-------\
     \       \       \       \ \  201  \  211  \  221  \
      \-------\-------\-------\ \-------\-------\-------\

\-------\-------\-------\ \-------\-------\-------\
 \       \       \       \ \  002  \  012  \  022  \
  \-------\-------\-------\ \-------\-------\-------\
   \       \       \       \ \  102  \  112  \  122  \
    \-------\-------\-------\ \-------\-------\-------\
     \       \       \       \ \  202  \  212  \  222  \
      \-------\-------\-------\ \-------\-------\-------\

INFO application-akka.actor.default-dispatcher-11 de.htwg.tictactoe.view.tui - ysf played : (1,1) in Grid 1
wld you are next!! 

INFO application-akka.actor.default-dispatcher-12 de.htwg.tictactoe.view.tui - 
\-------\-------\-------\ \-------\-------\-------\
 \       \       \       \ \  000  \  010  \  020  \
  \-------\-------\-------\ \-------\-------\-------\
   \       \       \       \ \  100  \  110  \  120  \
    \-------\-------\-------\ \-------\-------\-------\
     \       \       \       \ \  200  \  210  \  220  \
      \-------\-------\-------\ \-------\-------\-------\

\-------\-------\-------\ \-------\-------\-------\
 \       \       \       \ \  001  \  011  \  021  \
  \-------\-------\-------\ \-------\-------\-------\
   \       \   X   \       \ \  101  \  111  \  121  \
    \-------\-------\-------\ \-------\-------\-------\
     \       \       \       \ \  201  \  211  \  221  \
      \-------\-------\-------\ \-------\-------\-------\

\-------\-------\-------\ \-------\-------\-------\
 \       \       \       \ \  002  \  012  \  022  \
  \-------\-------\-------\ \-------\-------\-------\
   \       \       \       \ \  102  \  112  \  122  \
    \-------\-------\-------\ \-------\-------\-------\
     \       \       \       \ \  202  \  212  \  222  \
      \-------\-------\-------\ \-------\-------\-------\

INFO application-akka.actor.default-dispatcher-12 de.htwg.tictactoe.view.tui - you are out of the limit of the grid!! please retry with correct move
INFO application-akka.actor.default-dispatcher-3 de.htwg.tictactoe.view.tui - 
\-------\-------\-------\ \-------\-------\-------\
 \       \       \       \ \  000  \  010  \  020  \
  \-------\-------\-------\ \-------\-------\-------\
   \       \       \       \ \  100  \  110  \  120  \
    \-------\-------\-------\ \-------\-------\-------\
     \       \       \       \ \  200  \  210  \  220  \
      \-------\-------\-------\ \-------\-------\-------\

\-------\-------\-------\ \-------\-------\-------\
 \       \       \       \ \  001  \  011  \  021  \
  \-------\-------\-------\ \-------\-------\-------\
   \       \   X   \   O   \ \  101  \  111  \  121  \
    \-------\-------\-------\ \-------\-------\-------\
     \       \       \       \ \  201  \  211  \  221  \
      \-------\-------\-------\ \-------\-------\-------\

\-------\-------\-------\ \-------\-------\-------\
 \       \       \       \ \  002  \  012  \  022  \
  \-------\-------\-------\ \-------\-------\-------\
   \       \       \       \ \  102  \  112  \  122  \
    \-------\-------\-------\ \-------\-------\-------\
     \       \       \       \ \  202  \  212  \  222  \
      \-------\-------\-------\ \-------\-------\-------\

INFO application-akka.actor.default-dispatcher-3 de.htwg.tictactoe.view.tui - wld played : (1,2) in Grid 1
ysf you are next!! 

INFO application-akka.actor.default-dispatcher-5 de.htwg.tictactoe.view.tui - 
\-------\-------\-------\ \-------\-------\-------\
 \       \       \       \ \  000  \  010  \  020  \
  \-------\-------\-------\ \-------\-------\-------\
   \       \   X   \       \ \  100  \  110  \  120  \
    \-------\-------\-------\ \-------\-------\-------\
     \       \       \       \ \  200  \  210  \  220  \
      \-------\-------\-------\ \-------\-------\-------\

\-------\-------\-------\ \-------\-------\-------\
 \       \       \       \ \  001  \  011  \  021  \
  \-------\-------\-------\ \-------\-------\-------\
   \       \   X   \   O   \ \  101  \  111  \  121  \
    \-------\-------\-------\ \-------\-------\-------\
     \       \       \       \ \  201  \  211  \  221  \
      \-------\-------\-------\ \-------\-------\-------\

\-------\-------\-------\ \-------\-------\-------\
 \       \       \       \ \  002  \  012  \  022  \
  \-------\-------\-------\ \-------\-------\-------\
   \       \       \       \ \  102  \  112  \  122  \
    \-------\-------\-------\ \-------\-------\-------\
     \       \       \       \ \  202  \  212  \  222  \
      \-------\-------\-------\ \-------\-------\-------\

INFO application-akka.actor.default-dispatcher-5 de.htwg.tictactoe.view.tui - ysf played : (1,1) in Grid 0
wld you are next!! 

INFO application-akka.actor.default-dispatcher-7 de.htwg.tictactoe.view.tui - 
\-------\-------\-------\ \-------\-------\-------\
 \       \       \       \ \  000  \  010  \  020  \
  \-------\-------\-------\ \-------\-------\-------\
   \       \   X   \       \ \  100  \  110  \  120  \
    \-------\-------\-------\ \-------\-------\-------\
     \       \       \       \ \  200  \  210  \  220  \
      \-------\-------\-------\ \-------\-------\-------\

\-------\-------\-------\ \-------\-------\-------\
 \       \       \       \ \  001  \  011  \  021  \
  \-------\-------\-------\ \-------\-------\-------\
   \       \   X   \   O   \ \  101  \  111  \  121  \
    \-------\-------\-------\ \-------\-------\-------\
     \       \       \       \ \  201  \  211  \  221  \
      \-------\-------\-------\ \-------\-------\-------\

\-------\-------\-------\ \-------\-------\-------\
 \       \       \       \ \  002  \  012  \  022  \
  \-------\-------\-------\ \-------\-------\-------\
   \       \   O   \       \ \  102  \  112  \  122  \
    \-------\-------\-------\ \-------\-------\-------\
     \       \       \       \ \  202  \  212  \  222  \
      \-------\-------\-------\ \-------\-------\-------\

INFO application-akka.actor.default-dispatcher-7 de.htwg.tictactoe.view.tui - wld played : (1,1) in Grid 2
ysf you are next!! 

INFO application-akka.actor.default-dispatcher-11 de.htwg.tictactoe.view.tui - 
\-------\-------\-------\ \-------\-------\-------\
 \       \       \       \ \  000  \  010  \  020  \
  \-------\-------\-------\ \-------\-------\-------\
   \   X   \   X   \       \ \  100  \  110  \  120  \
    \-------\-------\-------\ \-------\-------\-------\
     \       \       \       \ \  200  \  210  \  220  \
      \-------\-------\-------\ \-------\-------\-------\

\-------\-------\-------\ \-------\-------\-------\
 \       \       \       \ \  001  \  011  \  021  \
  \-------\-------\-------\ \-------\-------\-------\
   \       \   X   \   O   \ \  101  \  111  \  121  \
    \-------\-------\-------\ \-------\-------\-------\
     \       \       \       \ \  201  \  211  \  221  \
      \-------\-------\-------\ \-------\-------\-------\

\-------\-------\-------\ \-------\-------\-------\
 \       \       \       \ \  002  \  012  \  022  \
  \-------\-------\-------\ \-------\-------\-------\
   \       \   O   \       \ \  102  \  112  \  122  \
    \-------\-------\-------\ \-------\-------\-------\
     \       \       \       \ \  202  \  212  \  222  \
      \-------\-------\-------\ \-------\-------\-------\

INFO application-akka.actor.default-dispatcher-11 de.htwg.tictactoe.view.tui - ysf played : (1,0) in Grid 0
wld you are next!! 

INFO application-akka.actor.default-dispatcher-2 de.htwg.tictactoe.view.tui - 
\-------\-------\-------\ \-------\-------\-------\
 \       \       \       \ \  000  \  010  \  020  \
  \-------\-------\-------\ \-------\-------\-------\
   \   X   \   X   \       \ \  100  \  110  \  120  \
    \-------\-------\-------\ \-------\-------\-------\
     \       \       \       \ \  200  \  210  \  220  \
      \-------\-------\-------\ \-------\-------\-------\

\-------\-------\-------\ \-------\-------\-------\
 \       \       \       \ \  001  \  011  \  021  \
  \-------\-------\-------\ \-------\-------\-------\
   \       \   X   \   O   \ \  101  \  111  \  121  \
    \-------\-------\-------\ \-------\-------\-------\
     \       \       \       \ \  201  \  211  \  221  \
      \-------\-------\-------\ \-------\-------\-------\

\-------\-------\-------\ \-------\-------\-------\
 \       \       \       \ \  002  \  012  \  022  \
  \-------\-------\-------\ \-------\-------\-------\
   \       \   O   \       \ \  102  \  112  \  122  \
    \-------\-------\-------\ \-------\-------\-------\
     \       \       \       \ \  202  \  212  \  222  \
      \-------\-------\-------\ \-------\-------\-------\

INFO application-akka.actor.default-dispatcher-2 de.htwg.tictactoe.view.tui - This Cell is Already been setted, please try another one 

INFO application-akka.actor.default-dispatcher-11 de.htwg.tictactoe.view.tui - 
\-------\-------\-------\ \-------\-------\-------\
 \       \       \       \ \  000  \  010  \  020  \
  \-------\-------\-------\ \-------\-------\-------\
   \   X   \   X   \       \ \  100  \  110  \  120  \
    \-------\-------\-------\ \-------\-------\-------\
     \       \       \       \ \  200  \  210  \  220  \
      \-------\-------\-------\ \-------\-------\-------\

\-------\-------\-------\ \-------\-------\-------\
 \       \       \       \ \  001  \  011  \  021  \
  \-------\-------\-------\ \-------\-------\-------\
   \       \   X   \   O   \ \  101  \  111  \  121  \
    \-------\-------\-------\ \-------\-------\-------\
     \       \       \       \ \  201  \  211  \  221  \
      \-------\-------\-------\ \-------\-------\-------\

\-------\-------\-------\ \-------\-------\-------\
 \       \       \       \ \  002  \  012  \  022  \
  \-------\-------\-------\ \-------\-------\-------\
   \       \   O   \       \ \  102  \  112  \  122  \
    \-------\-------\-------\ \-------\-------\-------\
     \       \       \       \ \  202  \  212  \  222  \
      \-------\-------\-------\ \-------\-------\-------\

INFO application-akka.actor.default-dispatcher-11 de.htwg.tictactoe.view.tui - This Cell is Already been setted, please try another one 

INFO application-akka.actor.default-dispatcher-11 de.htwg.tictactoe.view.tui - 
\-------\-------\-------\ \-------\-------\-------\
 \   O   \       \       \ \  000  \  010  \  020  \
  \-------\-------\-------\ \-------\-------\-------\
   \   X   \   X   \       \ \  100  \  110  \  120  \
    \-------\-------\-------\ \-------\-------\-------\
     \       \       \       \ \  200  \  210  \  220  \
      \-------\-------\-------\ \-------\-------\-------\

\-------\-------\-------\ \-------\-------\-------\
 \       \       \       \ \  001  \  011  \  021  \
  \-------\-------\-------\ \-------\-------\-------\
   \       \   X   \   O   \ \  101  \  111  \  121  \
    \-------\-------\-------\ \-------\-------\-------\
     \       \       \       \ \  201  \  211  \  221  \
      \-------\-------\-------\ \-------\-------\-------\

\-------\-------\-------\ \-------\-------\-------\
 \       \       \       \ \  002  \  012  \  022  \
  \-------\-------\-------\ \-------\-------\-------\
   \       \   O   \       \ \  102  \  112  \  122  \
    \-------\-------\-------\ \-------\-------\-------\
     \       \       \       \ \  202  \  212  \  222  \
      \-------\-------\-------\ \-------\-------\-------\

INFO application-akka.actor.default-dispatcher-11 de.htwg.tictactoe.view.tui - wld played : (0,0) in Grid 0
ysf you are next!! 

INFO application-akka.actor.default-dispatcher-5 de.htwg.tictactoe.view.tui - 
\-------\-------\-------\ \-------\-------\-------\
 \   O   \       \       \ \  000  \  010  \  020  \
  \-------\-------\-------\ \-------\-------\-------\
   \   X   \   X   \       \ \  100  \  110  \  120  \
    \-------\-------\-------\ \-------\-------\-------\
     \       \       \       \ \  200  \  210  \  220  \
      \-------\-------\-------\ \-------\-------\-------\

\-------\-------\-------\ \-------\-------\-------\
 \       \       \       \ \  001  \  011  \  021  \
  \-------\-------\-------\ \-------\-------\-------\
   \       \   X   \   O   \ \  101  \  111  \  121  \
    \-------\-------\-------\ \-------\-------\-------\
     \       \       \       \ \  201  \  211  \  221  \
      \-------\-------\-------\ \-------\-------\-------\

\-------\-------\-------\ \-------\-------\-------\
 \       \       \       \ \  002  \  012  \  022  \
  \-------\-------\-------\ \-------\-------\-------\
   \       \   O   \       \ \  102  \  112  \  122  \
    \-------\-------\-------\ \-------\-------\-------\
     \       \       \       \ \  202  \  212  \  222  \
      \-------\-------\-------\ \-------\-------\-------\

INFO application-akka.actor.default-dispatcher-5 de.htwg.tictactoe.view.tui - This Cell is Already been setted, please try another one 

INFO application-akka.actor.default-dispatcher-11 de.htwg.tictactoe.view.tui - 
\-------\-------\-------\ \-------\-------\-------\
 \   O   \       \       \ \  000  \  010  \  020  \
  \-------\-------\-------\ \-------\-------\-------\
   \   X   \   X   \   X   \ \  100  \  110  \  120  \
    \-------\-------\-------\ \-------\-------\-------\
     \       \       \       \ \  200  \  210  \  220  \
      \-------\-------\-------\ \-------\-------\-------\

\-------\-------\-------\ \-------\-------\-------\
 \       \       \       \ \  001  \  011  \  021  \
  \-------\-------\-------\ \-------\-------\-------\
   \       \   X   \   O   \ \  101  \  111  \  121  \
    \-------\-------\-------\ \-------\-------\-------\
     \       \       \       \ \  201  \  211  \  221  \
      \-------\-------\-------\ \-------\-------\-------\

\-------\-------\-------\ \-------\-------\-------\
 \       \       \       \ \  002  \  012  \  022  \
  \-------\-------\-------\ \-------\-------\-------\
   \       \   O   \       \ \  102  \  112  \  122  \
    \-------\-------\-------\ \-------\-------\-------\
     \       \       \       \ \  202  \  212  \  222  \
      \-------\-------\-------\ \-------\-------\-------\

INFO application-akka.actor.default-dispatcher-11 de.htwg.tictactoe.view.tui - ysf played : (1,2) in Grid 0
wld you are next!! 

INFO application-akka.actor.default-dispatcher-11 de.htwg.tictactoe.view.tui - 
\-------\-------\-------\ \-------\-------\-------\
 \   O   \       \       \ \  000  \  010  \  020  \
  \-------\-------\-------\ \-------\-------\-------\
   \   X   \   X   \   X   \ \  100  \  110  \  120  \
    \-------\-------\-------\ \-------\-------\-------\
     \       \       \       \ \  200  \  210  \  220  \
      \-------\-------\-------\ \-------\-------\-------\

\-------\-------\-------\ \-------\-------\-------\
 \       \       \       \ \  001  \  011  \  021  \
  \-------\-------\-------\ \-------\-------\-------\
   \       \   X   \   O   \ \  101  \  111  \  121  \
    \-------\-------\-------\ \-------\-------\-------\
     \       \       \       \ \  201  \  211  \  221  \
      \-------\-------\-------\ \-------\-------\-------\

\-------\-------\-------\ \-------\-------\-------\
 \       \       \       \ \  002  \  012  \  022  \
  \-------\-------\-------\ \-------\-------\-------\
   \       \   O   \       \ \  102  \  112  \  122  \
    \-------\-------\-------\ \-------\-------\-------\
     \       \       \       \ \  202  \  212  \  222  \
      \-------\-------\-------\ \-------\-------\-------\

INFO application-akka.actor.default-dispatcher-11 de.htwg.tictactoe.view.tui - ysf you won !! congratulation 
  if you want to start again press r + enter, if not press x + enter to exit
INFO application-akka.actor.default-dispatcher-22 de.htwg.tictactoe.view.tui - 
\-------\-------\-------\ \-------\-------\-------\
 \       \       \       \ \  000  \  010  \  020  \
  \-------\-------\-------\ \-------\-------\-------\
   \       \       \       \ \  100  \  110  \  120  \
    \-------\-------\-------\ \-------\-------\-------\
     \       \       \       \ \  200  \  210  \  220  \
      \-------\-------\-------\ \-------\-------\-------\

\-------\-------\-------\ \-------\-------\-------\
 \       \       \       \ \  001  \  011  \  021  \
  \-------\-------\-------\ \-------\-------\-------\
   \       \       \       \ \  101  \  111  \  121  \
    \-------\-------\-------\ \-------\-------\-------\
     \       \       \       \ \  201  \  211  \  221  \
      \-------\-------\-------\ \-------\-------\-------\

\-------\-------\-------\ \-------\-------\-------\
 \       \       \       \ \  002  \  012  \  022  \
  \-------\-------\-------\ \-------\-------\-------\
   \       \       \       \ \  102  \  112  \  122  \
    \-------\-------\-------\ \-------\-------\-------\
     \       \       \       \ \  202  \  212  \  222  \
      \-------\-------\-------\ \-------\-------\-------\

INFO application-akka.actor.default-dispatcher-22 de.htwg.tictactoe.view.tui - Players are defined!!!! 
ysf you can start, the grids with the number in them are
 an example of what you should give here if you want to player in one of the cells,
 the 3 numbers are the row, column, grid. Now, MAKE YOU FIRST MOVE :) !!

INFO application-akka.actor.default-dispatcher-22 de.htwg.tictactoe.view.tui - 
\-------\-------\-------\ \-------\-------\-------\
 \       \       \       \ \  000  \  010  \  020  \
  \-------\-------\-------\ \-------\-------\-------\
   \       \       \       \ \  100  \  110  \  120  \
    \-------\-------\-------\ \-------\-------\-------\
     \       \       \       \ \  200  \  210  \  220  \
      \-------\-------\-------\ \-------\-------\-------\

\-------\-------\-------\ \-------\-------\-------\
 \       \       \       \ \  001  \  011  \  021  \
  \-------\-------\-------\ \-------\-------\-------\
   \       \       \       \ \  101  \  111  \  121  \
    \-------\-------\-------\ \-------\-------\-------\
     \       \       \       \ \  201  \  211  \  221  \
      \-------\-------\-------\ \-------\-------\-------\

\-------\-------\-------\ \-------\-------\-------\
 \       \       \       \ \  002  \  012  \  022  \
  \-------\-------\-------\ \-------\-------\-------\
   \       \       \       \ \  102  \  112  \  122  \
    \-------\-------\-------\ \-------\-------\-------\
     \       \       \       \ \  202  \  212  \  222  \
      \-------\-------\-------\ \-------\-------\-------\

INFO application-akka.actor.default-dispatcher-22 de.htwg.tictactoe.view.tui - Game was reseted!!!! 
ysf you can start, the grids with the number in them are
 an example of what you should give here if you want to player in one of the cells,
 the 3 numbers are the row, column, grid. Now, MAKE YOU FIRST MOVE :) !!

INFO application-akka.actor.default-dispatcher-9 de.htwg.tictactoe.view.tui - 
\-------\-------\-------\ \-------\-------\-------\
 \       \       \       \ \  000  \  010  \  020  \
  \-------\-------\-------\ \-------\-------\-------\
   \       \       \       \ \  100  \  110  \  120  \
    \-------\-------\-------\ \-------\-------\-------\
     \       \       \       \ \  200  \  210  \  220  \
      \-------\-------\-------\ \-------\-------\-------\

\-------\-------\-------\ \-------\-------\-------\
 \       \       \       \ \  001  \  011  \  021  \
  \-------\-------\-------\ \-------\-------\-------\
   \       \       \       \ \  101  \  111  \  121  \
    \-------\-------\-------\ \-------\-------\-------\
     \       \       \       \ \  201  \  211  \  221  \
      \-------\-------\-------\ \-------\-------\-------\

\-------\-------\-------\ \-------\-------\-------\
 \       \       \       \ \  002  \  012  \  022  \
  \-------\-------\-------\ \-------\-------\-------\
   \       \       \       \ \  102  \  112  \  122  \
    \-------\-------\-------\ \-------\-------\-------\
     \       \       \       \ \  202  \  212  \  222  \
      \-------\-------\-------\ \-------\-------\-------\

INFO application-akka.actor.default-dispatcher-9 de.htwg.tictactoe.view.tui - Players are defined!!!! 
ysf you can start, the grids with the number in them are
 an example of what you should give here if you want to player in one of the cells,
 the 3 numbers are the row, column, grid. Now, MAKE YOU FIRST MOVE :) !!

